<?xml version="1.0" encoding="UTF-8"?>
<!-- Generated by org.testng.reporters.JUnitReportReporter -->
<testsuite name="TestCases.IndividualLead" tests="2" time="19.348" ignored="11" failures="0" timestamp="11 May 2017 12:57:55 GMT" skipped="0" hostname="Ishantk-DSG" errors="0">
  <testcase name="loginwithbranch" time="6.780" classname="TestCases.IndividualLead"/>
  <testcase name="coapplicantLeadHandoff" time="12.568" classname="TestCases.IndividualLead"/>
  <testcase name="logOutwithCSE" classname="TestCases.IndividualLead">
    <skipped/>
  </testcase> <!-- logOutwithCSE -->
  <testcase name="CLOSPRocessforparent" classname="TestCases.IndividualLead">
    <skipped/>
  </testcase> <!-- CLOSPRocessforparent -->
  <testcase name="takeactionByBM" classname="TestCases.IndividualLead">
    <skipped/>
  </testcase> <!-- takeactionByBM -->
  <testcase name="LeadtoCustomerDedupe" classname="TestCases.IndividualLead">
    <skipped/>
  </testcase> <!-- LeadtoCustomerDedupe -->
  <testcase name="FillCOApplicantLayout" classname="TestCases.IndividualLead">
    <skipped/>
  </testcase> <!-- FillCOApplicantLayout -->
  <testcase name="moveLeadToDocCollected" classname="TestCases.IndividualLead">
    <skipped/>
  </testcase> <!-- moveLeadToDocCollected -->
  <testcase name="LeadtoLeadDedupe" classname="TestCases.IndividualLead">
    <skipped/>
  </testcase> <!-- LeadtoLeadDedupe -->
  <testcase name="LeadSearchonHome" classname="TestCases.IndividualLead">
    <skipped/>
  </testcase> <!-- LeadSearchonHome -->
  <testcase name="createApplicantLeadOnNewStage" classname="TestCases.IndividualLead">
    <skipped/>
  </testcase> <!-- createApplicantLeadOnNewStage -->
  <testcase name="NavigatetoLead" classname="TestCases.IndividualLead">
    <skipped/>
  </testcase> <!-- NavigatetoLead -->
  <testcase name="childRLOSProcess" classname="TestCases.IndividualLead">
    <skipped/>
  </testcase> <!-- childRLOSProcess -->
</testsuite> <!-- TestCases.IndividualLead -->
