<?xml version="1.0" encoding="UTF-8"?>
<!-- Generated by org.testng.reporters.JUnitReportReporter -->
<testsuite name="TestCases.AssetChanges" tests="5" time="126.702" ignored="1" failures="0" timestamp="26 May 2017 05:48:32 GMT" skipped="0" hostname="Ishantk-DSG" errors="0">
  <testcase name="coapplicantLeadHandoff" time="20.044" classname="TestCases.AssetChanges"/>
  <testcase name="childRLOSProcess" time="20.047" classname="TestCases.AssetChanges"/>
  <testcase name="createApplicantLeadOnNewStage" time="20.412" classname="TestCases.AssetChanges"/>
  <testcase name="NavigatetoLead" time="8.905" classname="TestCases.AssetChanges"/>
  <testcase name="moveLeadToDocCollected" time="57.294" classname="TestCases.AssetChanges"/>
  <testcase name="CLOSPRocessforparent" classname="TestCases.AssetChanges">
    <skipped/>
  </testcase> <!-- CLOSPRocessforparent -->
</testsuite> <!-- TestCases.AssetChanges -->
