<?xml version="1.0" encoding="UTF-8"?>
<!-- Generated by org.testng.reporters.JUnitReportReporter -->
<testsuite hostname="Ishantk-DSG" name="Testcases.LoginTestcases" tests="1" failures="0" timestamp="19 Jan 2018 12:25:31 GMT" time="178.002" errors="0">
  <testcase name="loginintosystem" time="178.002" classname="Testcases.LoginTestcases"/>
</testsuite> <!-- Testcases.LoginTestcases -->
